  Assembling So456e.asm...
C:\Program Files (x86)\Microsoft Visual Studio\2019\Professional\VC\Auxiliary\VS\include\SmallWin.inc(10): error A2008: syntax error : .
C:\Program Files (x86)\Microsoft Visual Studio\2019\Professional\VC\Auxiliary\VS\include\SmallWin.inc(11): error A2008: syntax error : .
C:\Program Files (x86)\Microsoft Visual Studio\2019\Professional\VC\Auxiliary\VS\include\SmallWin.inc(12): error A2008: syntax error : .
C:\Program Files (x86)\Microsoft Visual Studio\2019\Professional\VC\Auxiliary\VS\include\SmallWin.inc(299): error A2008: syntax error : ,
C:\Program Files (x86)\Microsoft Visual Studio\2019\Professional\VC\Auxiliary\VS\include\SmallWin.inc(302): error A2008: syntax error : ,
C:\Program Files (x86)\Microsoft Visual Studio\2019\Professional\VC\Auxiliary\VS\include\SmallWin.inc(311): error A2008: syntax error : ,
C:\Program Files (x86)\Microsoft Visual Studio\2019\Professional\VC\Auxiliary\VS\include\SmallWin.inc(314): error A2008: syntax error : ,
C:\Program Files (x86)\Microsoft Visual Studio\2019\Professional\VC\Auxiliary\VS\include\SmallWin.inc(318): error A2008: syntax error : ,
C:\Program Files (x86)\Microsoft Visual Studio\2019\Professional\VC\Auxiliary\VS\include\SmallWin.inc(323): error A2008: syntax error : ,
C:\Program Files (x86)\Microsoft Visual Studio\2019\Professional\VC\Auxiliary\VS\include\SmallWin.inc(332): error A2008: syntax error : ,
C:\Program Files (x86)\Microsoft Visual Studio\2019\Professional\VC\Auxiliary\VS\include\SmallWin.inc(339): error A2008: syntax error : ,
C:\Program Files (x86)\Microsoft Visual Studio\2019\Professional\VC\Auxiliary\VS\include\SmallWin.inc(343): error A2008: syntax error : ,
C:\Program Files (x86)\Microsoft Visual Studio\2019\Professional\VC\Auxiliary\VS\include\SmallWin.inc(347): error A2008: syntax error : ,
C:\Program Files (x86)\Microsoft Visual Studio\2019\Professional\VC\Auxiliary\VS\include\SmallWin.inc(351): error A2008: syntax error : ,
C:\Program Files (x86)\Microsoft Visual Studio\2019\Professional\VC\Auxiliary\VS\include\SmallWin.inc(357): error A2008: syntax error : ,
C:\Program Files (x86)\Microsoft Visual Studio\2019\Professional\VC\Auxiliary\VS\include\SmallWin.inc(362): error A2008: syntax error : ,
C:\Program Files (x86)\Microsoft Visual Studio\2019\Professional\VC\Auxiliary\VS\include\SmallWin.inc(365): error A2008: syntax error : ,
C:\Program Files (x86)\Microsoft Visual Studio\2019\Professional\VC\Auxiliary\VS\include\SmallWin.inc(369): error A2008: syntax error : ,
C:\Program Files (x86)\Microsoft Visual Studio\2019\Professional\VC\Auxiliary\VS\include\SmallWin.inc(372): error A2008: syntax error : ,
C:\Program Files (x86)\Microsoft Visual Studio\2019\Professional\VC\Auxiliary\VS\include\SmallWin.inc(380): error A2008: syntax error : ,
C:\Program Files (x86)\Microsoft Visual Studio\2019\Professional\VC\Auxiliary\VS\include\SmallWin.inc(385): error A2008: syntax error : ,
C:\Program Files (x86)\Microsoft Visual Studio\2019\Professional\VC\Auxiliary\VS\include\SmallWin.inc(390): error A2008: syntax error : ,
C:\Program Files (x86)\Microsoft Visual Studio\2019\Professional\VC\Auxiliary\VS\include\SmallWin.inc(393): error A2008: syntax error : ,
C:\Program Files (x86)\Microsoft Visual Studio\2019\Professional\VC\Auxiliary\VS\include\SmallWin.inc(398): error A2008: syntax error : ,
C:\Program Files (x86)\Microsoft Visual Studio\2019\Professional\VC\Auxiliary\VS\include\SmallWin.inc(403): error A2008: syntax error : ,
C:\Program Files (x86)\Microsoft Visual Studio\2019\Professional\VC\Auxiliary\VS\include\SmallWin.inc(406): error A2008: syntax error : ,
C:\Program Files (x86)\Microsoft Visual Studio\2019\Professional\VC\Auxiliary\VS\include\SmallWin.inc(412): error A2008: syntax error : ,
C:\Program Files (x86)\Microsoft Visual Studio\2019\Professional\VC\Auxiliary\VS\include\SmallWin.inc(418): error A2008: syntax error : ,
C:\Program Files (x86)\Microsoft Visual Studio\2019\Professional\VC\Auxiliary\VS\include\SmallWin.inc(421): error A2008: syntax error : ,
C:\Program Files (x86)\Microsoft Visual Studio\2019\Professional\VC\Auxiliary\VS\include\SmallWin.inc(428): error A2008: syntax error : ,
C:\Program Files (x86)\Microsoft Visual Studio\2019\Professional\VC\Auxiliary\VS\include\SmallWin.inc(434): error A2008: syntax error : ,
C:\Program Files (x86)\Microsoft Visual Studio\2019\Professional\VC\Auxiliary\VS\include\SmallWin.inc(441): error A2008: syntax error : ,
C:\Program Files (x86)\Microsoft Visual Studio\2019\Professional\VC\Auxiliary\VS\include\SmallWin.inc(444): error A2008: syntax error : ,
C:\Program Files (x86)\Microsoft Visual Studio\2019\Professional\VC\Auxiliary\VS\include\SmallWin.inc(448): error A2008: syntax error : ,
C:\Program Files (x86)\Microsoft Visual Studio\2019\Professional\VC\Auxiliary\VS\include\SmallWin.inc(452): error A2008: syntax error : ,
C:\Program Files (x86)\Microsoft Visual Studio\2019\Professional\VC\Auxiliary\VS\include\SmallWin.inc(456): error A2008: syntax error : ,
C:\Program Files (x86)\Microsoft Visual Studio\2019\Professional\VC\Auxiliary\VS\include\SmallWin.inc(460): error A2008: syntax error : ,
C:\Program Files (x86)\Microsoft Visual Studio\2019\Professional\VC\Auxiliary\VS\include\SmallWin.inc(464): error A2008: syntax error : ,
C:\Program Files (x86)\Microsoft Visual Studio\2019\Professional\VC\Auxiliary\VS\include\SmallWin.inc(467): error A2008: syntax error : ,
C:\Program Files (x86)\Microsoft Visual Studio\2019\Professional\VC\Auxiliary\VS\include\SmallWin.inc(472): error A2008: syntax error : ,
C:\Program Files (x86)\Microsoft Visual Studio\2019\Professional\VC\Auxiliary\VS\include\SmallWin.inc(478): error A2008: syntax error : ,
C:\Program Files (x86)\Microsoft Visual Studio\2019\Professional\VC\Auxiliary\VS\include\SmallWin.inc(481): error A2008: syntax error : ,
C:\Program Files (x86)\Microsoft Visual Studio\2019\Professional\VC\Auxiliary\VS\include\SmallWin.inc(484): error A2008: syntax error : ,
C:\Program Files (x86)\Microsoft Visual Studio\2019\Professional\VC\Auxiliary\VS\include\SmallWin.inc(488): error A2008: syntax error : ,
C:\Program Files (x86)\Microsoft Visual Studio\2019\Professional\VC\Auxiliary\VS\include\SmallWin.inc(495): error A2008: syntax error : ,
C:\Program Files (x86)\Microsoft Visual Studio\2019\Professional\VC\Auxiliary\VS\include\SmallWin.inc(502): error A2008: syntax error : ,
C:\Program Files (x86)\Microsoft Visual Studio\2019\Professional\VC\Auxiliary\VS\include\SmallWin.inc(509): error A2008: syntax error : ,
C:\Program Files (x86)\Microsoft Visual Studio\2019\Professional\VC\Auxiliary\VS\include\SmallWin.inc(516): error A2008: syntax error : near
C:\Program Files (x86)\Microsoft Visual Studio\2019\Professional\VC\Auxiliary\VS\include\Irvine32.inc(22): error A2008: syntax error : ,
C:\Program Files (x86)\Microsoft Visual Studio\2019\Professional\VC\Auxiliary\VS\include\Irvine32.inc(66): error A2008: syntax error : ,
C:\Program Files (x86)\Microsoft Visual Studio\2019\Professional\VC\Auxiliary\VS\include\Irvine32.inc(71): error A2008: syntax error : ,
C:\Program Files (x86)\Microsoft Visual Studio\2019\Professional\VC\Auxiliary\VS\include\Irvine32.inc(76): error A2008: syntax error : ,
C:\Program Files (x86)\Microsoft Visual Studio\2019\Professional\VC\Auxiliary\VS\include\Irvine32.inc(82): error A2008: syntax error : ,
C:\Program Files (x86)\Microsoft Visual Studio\2019\Professional\VC\Auxiliary\VS\include\Irvine32.inc(87): error A2008: syntax error : ,
C:\Program Files (x86)\Microsoft Visual Studio\2019\Professional\VC\Auxiliary\VS\include\Irvine32.inc(93): error A2008: syntax error : ,
C:\Program Files (x86)\Microsoft Visual Studio\2019\Professional\VC\Auxiliary\VS\include\Irvine32.inc(99): error A2008: syntax error : ,
So456e.asm(65): error A2008: syntax error : INVOKE
So456e.asm(72): error A2070: invalid instruction operands
So456e.asm(72): error A2070: invalid instruction operands
So456e.asm(73): error A2070: invalid instruction operands
So456e.asm(73): error A2070: invalid instruction operands
So456e.asm(74): error A2070: invalid instruction operands
So456e.asm(74): error A2070: invalid instruction operands
So456e.asm(75): error A2070: invalid instruction operands
So456e.asm(75): error A2070: invalid instruction operands
So456e.asm(76): error A2070: invalid instruction operands
So456e.asm(76): error A2070: invalid instruction operands
So456e.asm(77): error A2070: invalid instruction operands
So456e.asm(77): error A2070: invalid instruction operands
So456e.asm(78): error A2070: invalid instruction operands
So456e.asm(78): error A2070: invalid instruction operands
So456e.asm(79): error A2070: invalid instruction operands
So456e.asm(79): error A2070: invalid instruction operands
So456e.asm(80): error A2070: invalid instruction operands
So456e.asm(80): error A2070: invalid instruction operands
So456e.asm(81): error A2070: invalid instruction operands
So456e.asm(81): error A2070: invalid instruction operands
So456e.asm(82): error A2070: invalid instruction operands
So456e.asm(82): error A2070: invalid instruction operands
So456e.asm(85): error A2070: invalid instruction operands
So456e.asm(85): error A2070: invalid instruction operands
So456e.asm(90): error A2070: invalid instruction operands
So456e.asm(90): error A2070: invalid instruction operands
So456e.asm(91): error A2070: invalid instruction operands
So456e.asm(91): error A2070: invalid instruction operands
So456e.asm(92): error A2070: invalid instruction operands
So456e.asm(92): error A2070: invalid instruction operands
So456e.asm(98): error A2070: invalid instruction operands
So456e.asm(98): error A2070: invalid instruction operands
So456e.asm(99): error A2070: invalid instruction operands
So456e.asm(99): error A2070: invalid instruction operands
So456e.asm(100): error A2070: invalid instruction operands
So456e.asm(100): error A2070: invalid instruction operands
So456e.asm(101): error A2070: invalid instruction operands
So456e.asm(101): error A2070: invalid instruction operands
So456e.asm(102): error A2070: invalid instruction operands
So456e.asm(102): error A2070: invalid instruction operands
So456e.asm(103): error A2070: invalid instruction operands
So456e.asm(103): error A2070: invalid instruction operands
So456e.asm(150): error A2070: invalid instruction operands
So456e.asm(150): fatal error A1012: error count exceeds 100; stopping assembly
C:\Program Files (x86)\Microsoft Visual Studio\2019\Professional\MSBuild\Microsoft\VC\v160\BuildCustomizations\masm.targets(70,5): error MSB3721: The command "ml64.exe /c /nologo /Zi /Fo"x64\Debug\So456e.obj" /W3 /errorReport:prompt  /TaSo456e.asm" exited with code 1.
